current directory: /Users/manjeet/Documents/railsbasic/Travelindia/path/ruby/3.0.0/gems/msgpack-1.4.4/ext/msgpack
/Users/manjeet/.rvm/rubies/ruby-3.0.0/bin/ruby -I /Users/manjeet/.rvm/rubies/ruby-3.0.0/lib/ruby/site_ruby/3.0.0 -r ./siteconf20220508-1158-rnq6n5.rb extconf.rb
checking for ruby/st.h... yes
checking for st.h... no
checking for rb_enc_interned_str() in ruby.h... yes
creating Makefile

current directory: /Users/manjeet/Documents/railsbasic/Travelindia/path/ruby/3.0.0/gems/msgpack-1.4.4/ext/msgpack
make DESTDIR\= clean

current directory: /Users/manjeet/Documents/railsbasic/Travelindia/path/ruby/3.0.0/gems/msgpack-1.4.4/ext/msgpack
make DESTDIR\=
compiling buffer.c
compiling buffer_class.c
buffer_class.c:261:17: warning: incompatible function pointer types passing 'VALUE (VALUE)' (aka 'unsigned long (unsigned long)') to parameter of type 'VALUE (*)(VALUE, VALUE)' (aka 'unsigned long (*)(unsigned long, unsigned long)') [-Wincompatible-function-pointer-types]
                read_until_eof_error, (VALUE)(void*) args,
                ^~~~~~~~~~~~~~~~~~~~
/Users/manjeet/.rvm/rubies/ruby-3.0.0/include/ruby-3.0.0/ruby/internal/iterator.h:51:47: note: passing argument to parameter here
VALUE rb_rescue2(VALUE(*)(VALUE),VALUE,VALUE(*)(VALUE,VALUE),VALUE,...);
                                              ^
1 warning generated.
compiling extension_value_class.c
compiling factory_class.c
compiling packer.c
compiling packer_class.c
compiling packer_ext_registry.c
compiling rbinit.c
compiling rmem.c
compiling unpacker.c
compiling unpacker_class.c
unpacker_class.c:316:17: warning: incompatible function pointer types passing 'VALUE (VALUE)' (aka 'unsigned long (unsigned long)') to parameter of type 'VALUE (*)(VALUE, VALUE)' (aka 'unsigned long (*)(unsigned long, unsigned long)') [-Wincompatible-function-pointer-types]
                Unpacker_rescue_EOFError, self,
                ^~~~~~~~~~~~~~~~~~~~~~~~
/Users/manjeet/.rvm/rubies/ruby-3.0.0/include/ruby-3.0.0/ruby/internal/iterator.h:51:47: note: passing argument to parameter here
VALUE rb_rescue2(VALUE(*)(VALUE),VALUE,VALUE(*)(VALUE,VALUE),VALUE,...);
                                              ^
unpacker_class.c:225:14: warning: unused function 'Unpacker_peek_next_type' [-Wunused-function]
static VALUE Unpacker_peek_next_type(VALUE self)
             ^
2 warnings generated.
compiling unpacker_ext_registry.c
linking shared-object msgpack/msgpack.bundle

current directory: /Users/manjeet/Documents/railsbasic/Travelindia/path/ruby/3.0.0/gems/msgpack-1.4.4/ext/msgpack
make DESTDIR\= install
/usr/local/opt/coreutils/bin/ginstall -c -m 0755 msgpack.bundle ./.gem.20220508-1158-z84yj8/msgpack
